<?xml version="1.0" encoding="UTF-8"?>
<!-- Generated by org.testng.reporters.JUnitXMLReporter -->
<testsuite ignored="0" hostname="DESKTOP-C3TMS4L" failures="1" tests="1" name="Test" time="17.822" errors="0" timestamp="2024-10-18T11:42:46 IST">
  <testcase classname="testCases.TC005_ProductAddToCart" name="verify_Addto_Cart" time="12.99">
    <failure type="java.lang.AssertionError" message="null">
      <![CDATA[java.lang.AssertionError: null
at testCases.TC005_ProductAddToCart.verify_Addto_Cart(TC005_ProductAddToCart.java:39)
at java.base/java.util.ArrayList.forEach(ArrayList.java:1511)
... Removed 29 stack frames]]>
    </failure>
  </testcase> <!-- verify_Addto_Cart -->
</testsuite> <!-- Test -->
